<?xml version="1.0" encoding="UTF-8" ?>
<testsuite tests="42" failures="0" name="com.sg.superherosightings.dao.SuperHeroDaoTest" time="13.848" errors="0" skipped="0">
  <properties>
[...]
</properties>
  <testcase classname="com.sg.superherosightings.dao.SuperHeroDaoTest" name="addGetSuperPower" time="2.126"/>
  <testcase classname="com.sg.superherosightings.dao.SuperHeroDaoTest" name="updateOrg" time="0.46"/>
  <testcase classname="com.sg.superherosightings.dao.SuperHeroDaoTest" name="addGetLocationNullCoord" time="0.43"/>
  <testcase classname="com.sg.superherosightings.dao.SuperHeroDaoTest" name="deleteSighting" time="0.47"/>
  <testcase classname="com.sg.superherosightings.dao.SuperHeroDaoTest" name="SuperHeroSightingBridgeCheckOnSHDel" time="0.414"/>
  <testcase classname="com.sg.superherosightings.dao.SuperHeroDaoTest" name="SuperHeroSightingBridgeCheckOnSiDel" time="0.336"/>
  <testcase classname="com.sg.superherosightings.dao.SuperHeroDaoTest" name="updateLocation" time="0.309"/>
  <testcase classname="com.sg.superherosightings.dao.SuperHeroDaoTest" name="getAllLocBySuperHero" time="0.294"/>
  <testcase classname="com.sg.superherosightings.dao.SuperHeroDaoTest" name="addGetSightings" time="0.424"/>
  <testcase classname="com.sg.superherosightings.dao.SuperHeroDaoTest" name="deleteCoord" time="0.345"/>
  <testcase classname="com.sg.superherosightings.dao.SuperHeroDaoTest" name="updateLocationNullCoord" time="0.346"/>
  <testcase classname="com.sg.superherosightings.dao.SuperHeroDaoTest" name="deleteMemberShipBridgeCheckOnSHDelete" time="0.346"/>
  <testcase classname="com.sg.superherosightings.dao.SuperHeroDaoTest" name="getAllSightings" time="0.407"/>
  <testcase classname="com.sg.superherosightings.dao.SuperHeroDaoTest" name="updateCoord" time="0.287"/>
  <testcase classname="com.sg.superherosightings.dao.SuperHeroDaoTest" name="deleteOrg" time="0.291"/>
  <testcase classname="com.sg.superherosightings.dao.SuperHeroDaoTest" name="addGetOrgsNOMemb" time="0.399"/>
  <testcase classname="com.sg.superherosightings.dao.SuperHeroDaoTest" name="deleteLocation" time="0.24"/>
  <testcase classname="com.sg.superherosightings.dao.SuperHeroDaoTest" name="getAllSuperHerosByLoc" time="0.299"/>
  <testcase classname="com.sg.superherosightings.dao.SuperHeroDaoTest" name="getAllSuperHerosByOrg" time="0.271"/>
  <testcase classname="com.sg.superherosightings.dao.SuperHeroDaoTest" name="addGetOrgsNullLoc" time="0.249"/>
  <testcase classname="com.sg.superherosightings.dao.SuperHeroDaoTest" name="getAllSightingsByDate" time="0.23"/>
  <testcase classname="com.sg.superherosightings.dao.SuperHeroDaoTest" name="addGetLocation" time="0.355"/>
  <testcase classname="com.sg.superherosightings.dao.SuperHeroDaoTest" name="deleteMemberShipBridgeCheckOnOrgDel" time="0.165"/>
  <testcase classname="com.sg.superherosightings.dao.SuperHeroDaoTest" name="deleteSuperHero" time="0.269"/>
  <testcase classname="com.sg.superherosightings.dao.SuperHeroDaoTest" name="deleteLocationREF" time="0.232"/>
  <testcase classname="com.sg.superherosightings.dao.SuperHeroDaoTest" name="updateSuperHero" time="0.221"/>
  <testcase classname="com.sg.superherosightings.dao.SuperHeroDaoTest" name="addGetCoord" time="0.226"/>
  <testcase classname="com.sg.superherosightings.dao.SuperHeroDaoTest" name="deleteSuperPower" time="0.134"/>
  <testcase classname="com.sg.superherosightings.dao.SuperHeroDaoTest" name="addGetAllSuperPower" time="0.249"/>
  <testcase classname="com.sg.superherosightings.dao.SuperHeroDaoTest" name="updateSighting" time="0.269"/>
  <testcase classname="com.sg.superherosightings.dao.SuperHeroDaoTest" name="deleteCoordREF2" time="0.225"/>
  <testcase classname="com.sg.superherosightings.dao.SuperHeroDaoTest" name="updateSuperPower" time="0.351"/>
  <testcase classname="com.sg.superherosightings.dao.SuperHeroDaoTest" name="deleteSuperPowerREF" time="0.299"/>
  <testcase classname="com.sg.superherosightings.dao.SuperHeroDaoTest" name="getAllLocations" time="0.14"/>
  <testcase classname="com.sg.superherosightings.dao.SuperHeroDaoTest" name="updateOrgNullLoc" time="0.326"/>
  <testcase classname="com.sg.superherosightings.dao.SuperHeroDaoTest" name="deleteCoordREF" time="0.2"/>
  <testcase classname="com.sg.superherosightings.dao.SuperHeroDaoTest" name="addGetSuperHero" time="0.241"/>
  <testcase classname="com.sg.superherosightings.dao.SuperHeroDaoTest" name="updateSightingNullLoc" time="0.214"/>
  <testcase classname="com.sg.superherosightings.dao.SuperHeroDaoTest" name="addGetOrgs" time="0.236"/>
  <testcase classname="com.sg.superherosightings.dao.SuperHeroDaoTest" name="addGetAllSuperHero" time="0.189"/>
  <testcase classname="com.sg.superherosightings.dao.SuperHeroDaoTest" name="updateSuperHeroPowers" time="0.137"/>
  <testcase classname="com.sg.superherosightings.dao.SuperHeroDaoTest" name="getAllCoordss" time="0.197"/>
</testsuite>